Sample	posterior	likelihood	prior	treeLikelihood.dna	Tree.height	YuleModel	birthRate	monophyletic(TaxonSet.dna)	logP(mrca(TaxonSet.dna))	mrca.age(TaxonSet.dna)	clockRate	Tree.treeLength
0	-674.400838814569	NaN	-674.400838814569	NaN	0.643496600502674	-3.7733011907404	1	0	-666.02236743784	0.643496600502674	0.902860587543954	4.41679779124485
100000	-69.9330718507646	NaN	-69.9330718507646	NaN	28.2573398648651	-62.5576703876621	0.043480960270893	0	-2.77023127711444	28.2573398648651	2.01590653786087	235.211051236514
200000	-60.8211215711372	NaN	-60.8211215711372	NaN	25.0708141969972	-54.374829235856	0.114636477783682	0	-1.8411221492931	25.0708141969972	4.54760725630984	145.807380426687
300000	-52.2334367000083	NaN	-52.2334367000083	NaN	22.7668046693051	-45.4943570475389	0.265030012063613	0	-2.13390946648135	22.7668046693051	57.1604278231368	99.2514288061841
400000	-69.6942528706995	NaN	-69.6942528706995	NaN	29.0185597976139	-61.9180726285974	0.075907497902704	0	-3.17101005611397	29.0185597976139	4.47392965630098	226.465013232983
500000	-70.9053019256483	NaN	-70.9053019256483	NaN	24.0939542908299	-64.4508893869532	0.007149260371671	0	-1.84924235270705	24.0939542908299	11.5621598573958	279.963086261042
600000	-56.4090902107072	NaN	-56.4090902107072	NaN	28.2917771763927	-49.0168703598531	0.272898845263945	0	-2.787049664866	28.2917771763927	69.4794984991492	117.510661138043
700000	-68.1761961679088	NaN	-68.1761961679088	NaN	23.1806206116719	-61.5624257984547	0.052124519402973	0	-2.00860018346605	23.1806206116719	40.3667612601446	213.058793177143
800000	-66.3140941151882	NaN	-66.3140941151882	NaN	21.9256963879964	-59.2083806318964	0.073593927457216	0	-2.50054329730372	21.9256963879964	90.1594842599703	182.898027905485
900000	-73.209414447362	NaN	-73.209414447362	NaN	26.1144634738459	-66.6072379237292	0.088210240494529	0	-1.99700633764469	26.1144634738459	29.8215697869557	274.068923251548
1000000	-62.1426542380615	NaN	-62.1426542380615	NaN	22.790619209505	-55.4117344599783	0.131012743856261	0	-2.12574959209507	22.790619209505	92.4580783197582	153.860161250893
1100000	-69.6516189089044	NaN	-69.6516189089044	NaN	26.82861485335	-62.85490956551	0.076217684506848	0	-2.19153915740626	26.82861485335	56.7905275138764	236.515949360765
1200000	-60.1617882185499	NaN	-60.1617882185499	NaN	24.0493906261315	-53.7031472341482	0.165498857641464	0	-1.85347079841354	24.0493906261315	53.4651178917362	142.836729355923
1300000	-67.8199565816374	NaN	-67.8199565816374	NaN	23.284641593123	-61.2322984875824	0.060536793421514	0	-1.98248790806684	23.284641593123	10.7524750585458	210.272753878053
1400000	-61.7689881532839	NaN	-61.7689881532839	NaN	24.2248375422151	-55.324980535898	0.117352782790459	0	-1.83883743139779	24.2248375422151	62.8036117239886	153.635323981224
1500000	-63.0093129537196	NaN	-63.0093129537196	NaN	25.436954778327	-56.526661095666	0.156009341497348	0	-1.87748167206548	25.436954778327	39.8946589679662	162.638912600905
1600000	-65.2554258505072	NaN	-65.2554258505072	NaN	26.6180271126317	-58.5230618727764	0.083672440914724	0	-2.1271937917427	26.6180271126317	51.2335346766292	181.951903487657
1700000	-60.0957624971772	NaN	-60.0957624971772	NaN	22.2823211249018	-53.1645403531542	0.126920520044717	0	-2.32605195803484	22.2823211249018	74.2390638843009	135.513996796197
1800000	-69.7369014782294	NaN	-69.7369014782294	NaN	25.4199670391737	-63.2563869564528	0.048495266904568	0	-1.87534433578854	25.4199670391737	19.9737521735355	248.281662634924
1900000	-61.9263793885572	NaN	-61.9263793885572	NaN	22.2590657144993	-54.9846519788765	0.158575714546305	0	-2.33655722369256	22.2590657144993	29.1904955593064	149.38829951705
2000000	-64.0054350631209	NaN	-64.0054350631209	NaN	25.1359301213599	-57.5541817344914	0.077165421357997	0	-1.84608314264134	25.1359301213599	20.2041880858958	165.818206359694
2100000	-65.0869920166779	NaN	-65.0869920166779	NaN	25.7607452976479	-58.555450499429	0.11491318058579	0	-1.92637133126075	25.7607452976479	99.5786982121212	182.94057763037
2200000	-70.9284598077607	NaN	-70.9284598077607	NaN	28.1802242237034	-63.5902544776954	0.069620704412197	0	-2.73303514407721	28.1802242237034	30.8941303226341	250.432971095098
2300000	-70.6420499792283	NaN	-70.6420499792283	NaN	25.0045521255717	-64.2001257680443	0.019988166193644	0	-1.83675402519591	25.0045521255717	12.524108580553	274.661681219671
2400000	-65.6234273948043	NaN	-65.6234273948043	NaN	29.2796218717113	-57.696301997332	0.115901294421977	0	-3.32195521148423	29.2796218717113	52.8747145163821	178.952920665858
2500000	-67.6303417470345	NaN	-67.6303417470345	NaN	22.8733695537409	-60.9268633754457	0.097983693667844	0	-2.09830818560067	22.8733695537409	52.995759042488	204.773291090709
2600000	-66.2158216592643	NaN	-66.2158216592643	NaN	22.4256640232887	-59.3467205755906	0.121679631966563	0	-2.26393089768552	22.4256640232887	36.1965927895642	185.361531853653
2700000	-63.5136174107862	NaN	-63.5136174107862	NaN	25.6457316274319	-57.0012000949451	0.143579306672513	0	-1.90724712985297	25.6457316274319	82.5509810492529	167.604624106315
2800000	-69.1334565537184	NaN	-69.1334565537184	NaN	26.7851866766624	-62.3504824060074	0.116917980067384	0	-2.17780396172298	26.7851866766624	5.86022849809419	216.227915503225
2900000	-65.2701536542959	NaN	-65.2701536542959	NaN	22.9016394512198	-58.5757271962659	0.216444475619352	0	-2.08925627204183	22.9016394512198	91.2868327800035	159.317696969338
3000000	-58.9842569564774	NaN	-58.9842569564774	NaN	24.834794999616	-52.550354769921	0.136033194849431	0	-1.82873200056829	24.834794999616	10.611571144993	134.894310725209
3100000	-61.188097174879	NaN	-61.188097174879	NaN	25.819857036006	-54.6459844211206	0.168464219636849	0	-1.93694256777034	25.819857036006	53.5021679029818	150.048416457283
3200000	-56.4268768081103	NaN	-56.4268768081103	NaN	25.7846927822288	-49.8911130429103	0.151474909000401	0	-1.93059357921195	25.7846927822288	62.529810550277	119.759059336975
3300000	-59.5140327185171	NaN	-59.5140327185171	NaN	22.2597729067897	-52.5726265418923	0.164942924001167	0	-2.33623599063668	22.2597729067897	3.15056452733508	134.219487550683
3400000	-62.707676265969	NaN	-62.707676265969	NaN	23.8525355367426	-56.2261238397109	0.109930709818314	0	-1.87638224026994	23.8525355367426	36.8834817468808	160.224556435205
3500000	-69.2621225496646	NaN	-69.2621225496646	NaN	26.0503685632034	-62.6740477677978	0.017698314984638	0	-1.98290459587872	26.0503685632034	1.77783809914664	188.363143625643
3600000	-59.8155992672953	NaN	-59.8155992672953	NaN	25.1912741254328	-53.3596124230711	0.353671463386626	0	-1.85081665823609	25.1912741254328	21.3910937690179	120.227866203218
3700000	-67.9676799458512	NaN	-67.9676799458512	NaN	25.7433422105119	-61.4391550472986	0.060525953443297	0	-1.92335471256455	25.7433422105119	95.0076992177074	216.146212389814
3800000	-68.573137275571	NaN	-68.573137275571	NaN	23.6006566308547	-62.0519943295219	0.03645389367475	0	-1.91597276006104	23.6006566308547	84.0432101812201	212.360568355485
3900000	-64.1220055941557	NaN	-64.1220055941557	NaN	28.6000344662916	-56.5736137253985	0.135672950229727	0	-2.94322168276909	28.6000344662916	21.0785153441151	168.260674882378
4000000	-70.4167739894153	NaN	-70.4167739894153	NaN	25.4304567498256	-63.9349447916977	0.053978239451792	0	-1.87665901172952	25.4304567498256	53.0245459499013	260.035771486677
4100000	-70.2237797566975	NaN	-70.2237797566975	NaN	29.186411277769	-62.3513128651258	0.082363455802767	0	-3.26729670558359	29.186411277769	54.8161594441799	230.650109785811
4200000	-69.8580734095218	NaN	-69.8580734095218	NaN	26.3952416231964	-63.187494517786	0.083217378297362	0	-2.06540870574772	26.3952416231964	61.8660926707666	237.662326698817
4300000	-62.3761242026797	NaN	-62.3761242026797	NaN	25.5976745221981	-55.8711275802644	0.12916570588793	0	-1.89982643642722	25.5976745221981	18.2911488447973	160.177492517062
4400000	-67.4632867768298	NaN	-67.4632867768298	NaN	27.0738861082534	-60.5845412897134	0.140027551513159	0	-2.27357530112834	27.0738861082534	96.7336511399839	195.03347940292
4500000	-70.5969643941948	NaN	-70.5969643941948	NaN	24.7089463454717	-64.1660238850465	0.009335186433251	0	-1.82577032316023	24.7089463454717	23.5836146510461	254.136713953716
4600000	-69.4852813476479	NaN	-69.4852813476479	NaN	27.95550115076	-62.2517536274222	0.043597718331512	0	-2.62835753423756	27.95550115076	28.4480695536587	227.939803049383
4700000	-68.4482550729108	NaN	-68.4482550729108	NaN	26.9623760002724	-61.6077402799545	0.073933671028874	0	-2.23534460696819	26.9623760002724	48.8265534751649	220.509818011734
4800000	-58.2974359511664	NaN	-58.2974359511664	NaN	25.1231698213639	-51.8472067444061	0.139291959145781	0	-1.84505902077222	25.1231698213639	42.2622284510053	130.570836183687
4900000	-70.979592310285	NaN	-70.979592310285	NaN	27.441794954908	-63.9639240194041	0.103462658000561	0	-2.41049810489278	27.441794954908	2.89253796255803	237.507163806423
5000000	-57.3831967606144	NaN	-57.3831967606144	NaN	24.8140282557884	-50.949959761132	0.147219135017266	0	-1.82806681349428	24.8140282557884	41.2748403603779	125.208333125803
5100000	-69.5453242229402	NaN	-69.5453242229402	NaN	25.6927087882846	-63.025327307255	0.088448323248052	0	-1.91482672969712	25.6927087882846	32.8068264382815	232.944872839494
5200000	-60.9677266397936	NaN	-60.9677266397936	NaN	27.8137776204569	-53.7973220753952	0.173439958077633	0	-2.56523437841028	27.8137776204569	87.768577396091	146.676457041302
5300000	-54.6964380609684	NaN	-54.6964380609684	NaN	23.215602666483	-48.091686141872	0.219593874997925	0	-1.99958173310823	23.215602666483	52.374578265369	111.170397577137
5400000	-67.3153307559902	NaN	-67.3153307559902	NaN	25.3895546487031	-60.8385345405048	0.073961857103848	0	-1.87162602949725	25.3895546487031	79.7089603736914	208.534608110404
5500000	-66.9421730729076	NaN	-66.9421730729076	NaN	25.6680459440807	-60.4261954538089	0.08393729338294	0	-1.9108074331106	25.6680459440807	87.5396710180307	203.742061672216
5600000	-56.1274919865649	NaN	-56.1274919865649	NaN	24.4526883795717	-49.6945466527331	0.231285399416437	0	-1.82777514784368	24.4526883795717	58.7564724910735	119.119387460692
5700000	-68.3818088985351	NaN	-68.3818088985351	NaN	27.1177998361449	-61.4875852256052	0.076758649265401	0	-2.28905348694189	27.1177998361449	68.8317348434763	218.814398999171
5800000	-67.9467014968702	NaN	-67.9467014968702	NaN	24.3912914858216	-61.5116462463944	0.055089482009597	0	-1.82988506448778	24.3912914858216	70.2661270958167	214.522946852472
5900000	-66.4537033235148	NaN	-66.4537033235148	NaN	23.0676763787564	-59.8091614303372	0.123830725254261	0	-2.03937170718955	23.0676763787564	52.9063119976048	189.340827358842
6000000	-59.4029903279545	NaN	-59.4029903279545	NaN	24.742508729138	-52.9715111739849	0.224485165591457	0	-1.82630896798149	24.742508729138	91.6002923557836	134.367348101818
6100000	-72.579597333651	NaN	-72.579597333651	NaN	27.3149766331507	-65.6129712288937	0.084005165941699	0	-2.3614559187692	27.3149766331507	94.3816835309958	267.131129870139
6200000	-55.253176092618	NaN	-55.253176092618	NaN	26.5987851424441	-48.5264058035093	0.171471929657733	0	-2.12160010312069	26.5987851424441	57.4028518700181	114.859215586159
6300000	-60.7818000385934	NaN	-60.7818000385934	NaN	19.774685931681	-51.942976455807	0.107209179842893	0	-4.23365339679832	19.774685931681	19.8012532673112	115.794086595264
6400000	-56.3080886269294	NaN	-56.3080886269294	NaN	25.0071614524827	-49.8660054485083	0.194252749907667	0	-1.83691299243299	25.0071614524827	61.5751291750262	121.730317600905
6500000	-61.8473383692475	NaN	-61.8473383692475	NaN	25.6472672940984	-55.3346783594249	0.123963421816127	0	-1.90748982383451	25.6472672940984	39.0190608211529	155.796197799602
6600000	-68.5415166266283	NaN	-68.5415166266283	NaN	26.9692052890347	-61.6987049599162	0.133183601800177	0	-2.23764148072405	26.9692052890347	88.3406235923342	205.272074436975
6700000	-59.0570912409924	NaN	-59.0570912409924	NaN	20.6087159265487	-51.0396115932234	0.197327923912232	0	-3.41230946178095	20.6087159265487	19.3211475386304	123.259310677226
6800000	-49.0961621892013	NaN	-49.0961621892013	NaN	23.3668624901676	-42.5276511459286	0.475629026442021	0	-1.96334085728459	23.3668624901676	74.1943709373618	83.0950057053559
6900000	-56.5247411372558	NaN	-56.5247411372558	NaN	25.9505685631184	-49.9574846285584	0.264124151659253	0	-1.96208632270929	25.9505685631184	76.7544564900926	119.349753797031
7000000	-67.9915632441341	NaN	-67.9915632441341	NaN	24.4699522015038	-61.5590966118739	0.095278981101373	0	-1.82729644627213	24.4699522015038	91.322508256613	213.530665748895
7100000	-53.7423818719831	NaN	-53.7423818719831	NaN	21.7108995685522	-46.5174085147741	0.187620261736442	0	-2.61980317122089	21.7108995685522	29.4014488148446	100.553342542235
7200000	-65.8552980554046	NaN	-65.8552980554046	NaN	26.29864104488	-59.2094586610254	0.087925862971372	0	-2.04066920839108	26.29864104488	2.31342413803771	190.362084740371
7300000	-64.123156752552	NaN	-64.123156752552	NaN	24.1547437394965	-57.6739489305631	0.141607435642716	0	-1.84403763600077	24.1547437394965	63.4495527566323	171.09741409915
7400000	-69.3489203950836	NaN	-69.3489203950836	NaN	25.4892981721048	-62.8594118920253	0.029684877936911	0	-1.88433831707023	25.4892981721048	56.788375177464	230.074963938578
7500000	-72.4149972009607	NaN	-72.4149972009607	NaN	29.1928555793483	-64.5387785308255	0.006682259266358	0	-3.27104848414704	29.1928555793483	6.92155529652778	296.866972540466
7600000	-72.4445013685039	NaN	-72.4445013685039	NaN	27.3875301386265	-65.4500526773006	0.057526354927763	0	-2.38927850521518	27.3875301386265	34.0400944265627	286.75301402743
7700000	-60.5595333689776	NaN	-60.5595333689776	NaN	28.4018926613785	-53.112681652765	0.143298553567106	0	-2.84168153022453	28.4018926613785	73.9819741191034	143.258923426652
7800000	-68.3385585256969	NaN	-68.3385585256969	NaN	24.058726423432	-61.8808324156915	0.097665500613676	0	-1.85255592401731	24.058726423432	4.22666203226967	215.790441834871
7900000	-55.7929267978672	NaN	-55.7929267978672	NaN	22.5911998059645	-48.9900100750329	0.238529487774974	0	-2.19774653684621	22.5911998059645	44.2307990893652	113.870716511437
8000000	-66.8031960025464	NaN	-66.8031960025464	NaN	21.2725141323007	-59.3002699453975	0.06205309409779	0	-2.89775587116081	21.2725141323007	12.7108082684738	177.497549436026
8100000	-58.1283457277895	NaN	-58.1283457277895	NaN	27.0538625778072	-51.2565789069569	0.21508156436321	0	-2.2665966348445	27.0538625778072	11.1910317153237	129.752287815119
8200000	-73.7660382762693	NaN	-73.7660382762693	NaN	28.617443531318	-66.2085285257186	0.074926444796333	0	-2.95233956456263	28.617443531318	8.64243767099306	283.479819005365
8300000	-60.9853313770102	NaN	-60.9853313770102	NaN	27.010637239306	-54.1284602215303	0.155232607386213	0	-2.25170096949181	27.010637239306	17.5127207653468	148.866143742942
8400000	-68.8905750601885	NaN	-68.8905750601885	NaN	28.3670433763407	-61.4611533590778	0.104068084381128	0	-2.82425151512267	28.3670433763407	40.5293722341522	214.071888643279
8500000	-71.864738242004	NaN	-71.864738242004	NaN	26.579897089953	-65.143411778012	0.033785788950141	0	-2.11615627800396	26.579897089953	27.790553784797	303.120977706019
8600000	-68.4578977919599	NaN	-68.4578977919599	NaN	26.0268421308983	-61.8748560149009	0.030897182675017	0	-1.9778715910709	26.0268421308983	75.0125276701326	200.231375954541
8700000	-61.178290863373	NaN	-61.178290863373	NaN	28.462955973704	-53.7005871179689	0.125504633476155	0	-2.87253355941607	28.462955973704	53.8801866047614	145.694076871045
8800000	-68.7802450839589	NaN	-68.7802450839589	NaN	27.7256380884375	-61.6479496984563	0.039114691290517	0	-2.5271251995146	27.7256380884375	94.4848556761451	209.116117715934
8900000	-68.5179673047145	NaN	-68.5179673047145	NaN	24.7952323327615	-62.0852724394758	0.039771250745666	0	-1.82752467925062	24.7952323327615	77.2462178240769	217.985172462012
9000000	-67.0411947326919	NaN	-67.0411947326919	NaN	19.6473687468932	-58.0585227785769	0.082911155799072	0	-4.37750176812689	19.6473687468932	57.2858929682212	169.17879231138
9100000	-73.8276648072344	NaN	-73.8276648072344	NaN	29.9814121948766	-65.4626860152779	0.055013163703792	0	-3.75980860596835	29.9814121948766	9.86664596865337	291.905539023284
9200000	-53.3254926848394	NaN	-53.3254926848394	NaN	20.2530749887152	-44.9827277996098	0.250278266643066	0	-3.73759469924151	20.2530749887152	95.7053800102328	94.8688048883637
9300000	-68.4055943423259	NaN	-68.4055943423259	NaN	27.6379969150078	-61.310309347652	0.098442563028684	0	-2.49011480868588	27.6379969150078	93.5029641263995	213.33960936042
9400000	-58.9030497260957	NaN	-58.9030497260957	NaN	23.4245117545522	-52.3471856446519	0.153558882061608	0	-1.95069389545567	23.4245117545522	6.95572220831179	133.728019425528
9500000	-58.9590811185482	NaN	-58.9590811185482	NaN	23.9532708606578	-52.4901204121854	0.166220340874422	0	-1.86379052037468	23.9532708606578	26.8060559328409	135.407336793597
9600000	-68.1442163726324	NaN	-68.1442163726324	NaN	22.2725168861138	-61.2085799490119	0.071230851861288	0	-2.33046623763241	22.2725168861138	12.4413377985022	210.391767266099
9700000	-61.9542679120667	NaN	-61.9542679120667	NaN	21.4775444323313	-54.5872276246162	0.161937146171401	0	-2.76187010146244	21.4775444323313	37.7520487965758	145.877337363074
9800000	-70.0478629483007	NaN	-70.0478629483007	NaN	27.8644730507228	-62.8551389080768	0.066902252594502	0	-2.58755385423583	27.8644730507228	84.4212663424407	240.280822150619
9900000	-65.563374141994	NaN	-65.563374141994	NaN	23.0368614497569	-58.9099948009747	0.110224392469152	0	-2.04820915503118	23.0368614497569	36.6191256060209	183.796559962701
10000000	-62.9556620441714	NaN	-62.9556620441714	NaN	21.8593822479737	-55.8142869134106	0.181393130082033	0	-2.53620494477273	21.8593822479737	92.9942468973973	151.203224660994
